
2017/05/23 17:50:19 [ERROR] Smoke tests are aborted due to Build failure, stay tunedâ€¦
2017/05/23 17:50:19 [ERROR] QA is looking into this issue with priority to resolve quickly!
